1698804538.378839 [0] joint_stat: config: Domain/General/MulticastRecvNetworkInterfaceAddresses/#text: preferred {}
1698804538.378884 [0] joint_stat: config: Domain/General/Interfaces/NetworkInterface[@autodetermine]: false {}
1698804538.378893 [0] joint_stat: config: Domain/General/Interfaces/NetworkInterface[@name]: br-69323427f17c {1}
1698804538.378898 [0] joint_stat: config: Domain/General/Interfaces/NetworkInterface[@address]:  {}
1698804538.378902 [0] joint_stat: config: Domain/General/Interfaces/NetworkInterface[@priority]: default {1}
1698804538.378907 [0] joint_stat: config: Domain/General/Interfaces/NetworkInterface[@prefer_multicast]: false {}
1698804538.378911 [0] joint_stat: config: Domain/General/Interfaces/NetworkInterface[@multicast]: default {1}
1698804538.378917 [0] joint_stat: config: Domain/General/ExternalNetworkAddress/#text: auto {}
1698804538.378922 [0] joint_stat: config: Domain/General/ExternalNetworkMask/#text: 0.0.0.0 {}
1698804538.378928 [0] joint_stat: config: Domain/General/AllowMulticast/#text: default {1}
1698804538.378937 [0] joint_stat: config: Domain/General/MulticastTimeToLive/#text: 32 {}
1698804538.378942 [0] joint_stat: config: Domain/General/DontRoute/#text: false {}
1698804538.378947 [0] joint_stat: config: Domain/General/Transport/#text: udp {}
1698804538.378951 [0] joint_stat: config: Domain/General/EnableMulticastLoopback/#text: true {}
1698804538.378957 [0] joint_stat: config: Domain/General/MaxMessageSize/#text: 65500 B {1}
1698804538.378961 [0] joint_stat: config: Domain/General/MaxRexmitMessageSize/#text: 1456 B {}
1698804538.378966 [0] joint_stat: config: Domain/General/FragmentSize/#text: 1344 B {}
1698804538.378970 [0] joint_stat: config: Domain/General/RedundantNetworking/#text: false {}
1698804538.378978 [0] joint_stat: config: Domain/Sizing/ReceiveBufferSize/#text: 1 MiB {}
1698804538.378983 [0] joint_stat: config: Domain/Sizing/ReceiveBufferChunkSize/#text: 128 KiB {}
1698804538.378988 [0] joint_stat: config: Domain/Compatibility/StandardsConformance/#text: lax {}
1698804538.378992 [0] joint_stat: config: Domain/Compatibility/ExplicitlyPublishQosSetToDefault/#text: false {}
1698804538.378996 [0] joint_stat: config: Domain/Compatibility/ManySocketsMode/#text: single {}
1698804538.379001 [0] joint_stat: config: Domain/Compatibility/AssumeRtiHasPmdEndpoints/#text: false {}
1698804538.379005 [0] joint_stat: config: Domain/Discovery/Tag/#text:  {}
1698804538.379009 [0] joint_stat: config: Domain/Discovery/ExternalDomainId/#text: 0 {}
1698804538.379014 [0] joint_stat: config: Domain/Discovery/DSGracePeriod/#text: 30 s {}
1698804538.379020 [0] joint_stat: config: Domain/Discovery/ParticipantIndex/#text: none {}
1698804538.379024 [0] joint_stat: config: Domain/Discovery/MaxAutoParticipantIndex/#text: 9 {}
1698804538.379028 [0] joint_stat: config: Domain/Discovery/SPDPMulticastAddress/#text: 239.255.0.1 {}
1698804538.379032 [0] joint_stat: config: Domain/Discovery/SPDPInterval/#text: 30 s {}
1698804538.379037 [0] joint_stat: config: Domain/Discovery/DefaultMulticastAddress/#text: auto {}
1698804538.379042 [0] joint_stat: config: Domain/Discovery/Ports/Base/#text: 7400 {}
1698804538.379047 [0] joint_stat: config: Domain/Discovery/Ports/DomainGain/#text: 250 {}
1698804538.379051 [0] joint_stat: config: Domain/Discovery/Ports/ParticipantGain/#text: 2 {}
1698804538.379057 [0] joint_stat: config: Domain/Discovery/Ports/MulticastMetaOffset/#text: 0 {}
1698804538.379061 [0] joint_stat: config: Domain/Discovery/Ports/UnicastMetaOffset/#text: 10 {}
1698804538.379066 [0] joint_stat: config: Domain/Discovery/Ports/MulticastDataOffset/#text: 1 {}
1698804538.379071 [0] joint_stat: config: Domain/Discovery/Ports/UnicastDataOffset/#text: 11 {}
1698804538.379075 [0] joint_stat: config: Domain/Discovery/LeaseDuration/#text: 10 s {}
1698804538.379104 [0] joint_stat: config: Domain/Tracing/Category/#text: fatal,error,warning,info,config {1}
1698804538.379110 [0] joint_stat: config: Domain/Tracing/OutputFile/#text: cyclonedds.log {}
1698804538.379116 [0] joint_stat: config: Domain/Tracing/AppendToFile/#text: false {}
1698804538.379150 [0] joint_stat: config: Domain/Tracing/PacketCaptureFile/#text:  {}
1698804538.379155 [0] joint_stat: config: Domain/Internal/DeliveryQueueMaxSamples/#text: 256 {}
1698804538.379159 [0] joint_stat: config: Domain/Internal/PrimaryReorderMaxSamples/#text: 128 {}
1698804538.379164 [0] joint_stat: config: Domain/Internal/SecondaryReorderMaxSamples/#text: 128 {}
1698804538.379169 [0] joint_stat: config: Domain/Internal/DefragUnreliableMaxSamples/#text: 4 {}
1698804538.379173 [0] joint_stat: config: Domain/Internal/DefragReliableMaxSamples/#text: 16 {}
1698804538.379179 [0] joint_stat: config: Domain/Internal/BuiltinEndpointSet/#text: writers {}
1698804538.379183 [0] joint_stat: config: Domain/Internal/MeasureHbToAckLatency/#text: false {}
1698804538.379188 [0] joint_stat: config: Domain/Internal/UnicastResponseToSPDPMessages/#text: true {}
1698804538.379193 [0] joint_stat: config: Domain/Internal/SynchronousDeliveryPriorityThreshold/#text: 0 {}
1698804538.379197 [0] joint_stat: config: Domain/Internal/SynchronousDeliveryLatencyBound/#text: inf {}
1698804538.379202 [0] joint_stat: config: Domain/Internal/MaxParticipants/#text: 0 {}
1698804538.379206 [0] joint_stat: config: Domain/Internal/AccelerateRexmitBlockSize/#text: 0 {}
1698804538.379211 [0] joint_stat: config: Domain/Internal/RetransmitMerging/#text: never {}
1698804538.379215 [0] joint_stat: config: Domain/Internal/RetransmitMergingPeriod/#text: 5 ms {}
1698804538.379219 [0] joint_stat: config: Domain/Internal/HeartbeatInterval/#text: 100 ms {}
1698804538.379224 [0] joint_stat: config: Domain/Internal/HeartbeatInterval[@min]: 5 ms {}
1698804538.379230 [0] joint_stat: config: Domain/Internal/HeartbeatInterval[@minsched]: 20 ms {}
1698804538.379234 [0] joint_stat: config: Domain/Internal/HeartbeatInterval[@max]: 8 s {}
1698804538.379239 [0] joint_stat: config: Domain/Internal/MaxQueuedRexmitBytes/#text: 512 KiB {}
1698804538.379243 [0] joint_stat: config: Domain/Internal/MaxQueuedRexmitMessages/#text: 200 {}
1698804538.379247 [0] joint_stat: config: Domain/Internal/WriterLingerDuration/#text: 1 s {}
1698804538.379253 [0] joint_stat: config: Domain/Internal/SocketReceiveBufferSize[@min]: default {}
1698804538.379257 [0] joint_stat: config: Domain/Internal/SocketReceiveBufferSize[@max]: default {}
1698804538.379262 [0] joint_stat: config: Domain/Internal/SocketSendBufferSize[@min]: 64 KiB {}
1698804538.379267 [0] joint_stat: config: Domain/Internal/SocketSendBufferSize[@max]: default {}
1698804538.379271 [0] joint_stat: config: Domain/Internal/NackDelay/#text: 100 ms {}
1698804538.379277 [0] joint_stat: config: Domain/Internal/AckDelay/#text: 10 ms {}
1698804538.379281 [0] joint_stat: config: Domain/Internal/AutoReschedNackDelay/#text: 1 s {}
1698804538.379286 [0] joint_stat: config: Domain/Internal/PreEmptiveAckDelay/#text: 10 ms {}
1698804538.379290 [0] joint_stat: config: Domain/Internal/ScheduleTimeRounding/#text: 0 s {}
1698804538.379294 [0] joint_stat: config: Domain/Internal/DDSI2DirectMaxThreads/#text: 1 {}
1698804538.379298 [0] joint_stat: config: Domain/Internal/SquashParticipants/#text: false {}
1698804538.379303 [0] joint_stat: config: Domain/Internal/SPDPResponseMaxDelay/#text: 0 s {}
1698804538.379307 [0] joint_stat: config: Domain/Internal/LateAckMode/#text: false {}
1698804538.379311 [0] joint_stat: config: Domain/Internal/RetryOnRejectBestEffort/#text: false {}
1698804538.379316 [0] joint_stat: config: Domain/Internal/GenerateKeyhash/#text: false {}
1698804538.379321 [0] joint_stat: config: Domain/Internal/MaxSampleSize/#text: 2147483647 B {}
1698804538.379326 [0] joint_stat: config: Domain/Internal/WriteBatch/#text: false {}
1698804538.379330 [0] joint_stat: config: Domain/Internal/LivelinessMonitoring/#text: false {}
1698804538.379335 [0] joint_stat: config: Domain/Internal/LivelinessMonitoring[@StackTraces]: true {}
1698804538.379339 [0] joint_stat: config: Domain/Internal/LivelinessMonitoring[@Interval]: 1 s {}
1698804538.379344 [0] joint_stat: config: Domain/Internal/MonitorPort/#text: -1 {}
1698804538.379349 [0] joint_stat: config: Domain/Internal/PrioritizeRetransmit/#text: true {}
1698804538.379356 [0] joint_stat: config: Domain/Internal/UseMulticastIfMreqn/#text: 0 {}
1698804538.379361 [0] joint_stat: config: Domain/Internal/RediscoveryBlacklistDuration/#text: 0 s {}
1698804538.379366 [0] joint_stat: config: Domain/Internal/RediscoveryBlacklistDuration[@enforce]: false {}
1698804538.379371 [0] joint_stat: config: Domain/Internal/MultipleReceiveThreads/#text: default {}
1698804538.379376 [0] joint_stat: config: Domain/Internal/MultipleReceiveThreads[@maxretries]: 4294967295 {}
1698804538.379381 [0] joint_stat: config: Domain/Internal/Test/XmitLossiness/#text: 0 {}
1698804538.379387 [0] joint_stat: config: Domain/Internal/Watermarks/WhcLow/#text: 1 KiB {}
1698804538.379391 [0] joint_stat: config: Domain/Internal/Watermarks/WhcHigh/#text: 500 KiB {1}
1698804538.379396 [0] joint_stat: config: Domain/Internal/Watermarks/WhcHighInit/#text: 30 KiB {}
1698804538.379402 [0] joint_stat: config: Domain/Internal/Watermarks/WhcAdaptive/#text: true {}
1698804538.379406 [0] joint_stat: config: Domain/Internal/BurstSize/MaxRexmit/#text: 1 MiB {}
1698804538.379411 [0] joint_stat: config: Domain/Internal/BurstSize/MaxInitTransmit/#text: 4294967295 {}
1698804538.379416 [0] joint_stat: config: Domain/Internal/EnableExpensiveChecks/#text:  {}
1698804538.379423 [0] joint_stat: config: Domain/TCP/NoDelay/#text: true {}
1698804538.379428 [0] joint_stat: config: Domain/TCP/Port/#text: -1 {}
1698804538.379433 [0] joint_stat: config: Domain/TCP/ReadTimeout/#text: 2 s {}
1698804538.379437 [0] joint_stat: config: Domain/TCP/WriteTimeout/#text: 2 s {}
1698804538.379442 [0] joint_stat: config: Domain/TCP/AlwaysUsePeeraddrForUnicast/#text: false {}
1698804538.379446 [0] joint_stat: config: Domain/SSL/Enable/#text: false {}
1698804538.379451 [0] joint_stat: config: Domain/SSL/CertificateVerification/#text: true {}
1698804538.379455 [0] joint_stat: config: Domain/SSL/VerifyClient/#text: true {}
1698804538.379460 [0] joint_stat: config: Domain/SSL/SelfSignedCertificates/#text: false {}
1698804538.379465 [0] joint_stat: config: Domain/SSL/KeystoreFile/#text: keystore {}
1698804538.379470 [0] joint_stat: config: Domain/SSL/KeyPassphrase/#text: secret {}
1698804538.379474 [0] joint_stat: config: Domain/SSL/Ciphers/#text: ALL:!ADH:!LOW:!EXP:!MD5:@STRENGTH {}
1698804538.379480 [0] joint_stat: config: Domain/SSL/EntropyFile/#text:  {}
1698804538.379484 [0] joint_stat: config: Domain/SSL/MinimumTLSVersion/#text: 1.3 {}
1698804538.379490 [0] joint_stat: config: Domain/SharedMemory/Enable/#text: false {}
1698804538.379495 [0] joint_stat: config: Domain/SharedMemory/Locator/#text:  {}
1698804538.379500 [0] joint_stat: config: Domain/SharedMemory/Prefix/#text: DDS_CYCLONE {}
1698804538.379505 [0] joint_stat: config: Domain/SharedMemory/LogLevel/#text: info {}
1698804538.379510 [0] joint_stat: config: Domain[@Id]: 0 {1}
1698804538.379555 [0] joint_stat: started at 1698804538.06379525 -- 2023-11-01 02:08:58+00:00
1698804538.379566 [0] joint_stat: udp initialized
1698804538.381041 [0] joint_stat: interfaces: lo udp/127.0.0.1(q1) enp1s0 udp/192.168.0.11(q9) wlp2s0 wireless udp/192.168.1.117(q9) br-186029474f45 udp/172.18.0.1(q9) br-69323427f17c udp/172.19.0.1(q9) docker0 udp/172.17.0.1(q9)
1698804538.381173 [0] joint_stat: selected interfaces: br-69323427f17c (index 5 priority 0)
1698804538.381229 [0] joint_stat: presumed robust multicast support, use for everything
1698804538.381309 [0] joint_stat: ownip: udp/172.19.0.1
1698804538.381358 [0] joint_stat: extmask: invalid/0 (not applicable)
1698804538.381406 [0] joint_stat: SPDP MC: udp/239.255.0.1
1698804538.381453 [0] joint_stat: default MC: udp/239.255.0.1
1698804538.381500 [0] joint_stat: SSM support included
1698804538.381634 [0] joint_stat: rtps_init: uc ports: disc 0 data 0
1698804538.381688 [0] joint_stat: rtps_init: domainid 0 participantid -2
1698804538.381737 [0] joint_stat: Unicast Ports: discovery 51736 data 51736
1698804538.381817 [0] joint_stat: Multicast Ports: discovery 7400 data 7401 
1698804538.381882 [0] joint_stat: interface br-69323427f17c: transmit port 35309
1698804602.082080 [0] bt_navigat: udp finalized
1698804602.083991 [0] bt_navigat: Finis.
